<?xml version="1.0" encoding="UTF-8"?>
<testsuite xmlns:xsi="http://www.w3.org/2001/XMLSchema-instance" xsi:noNamespaceSchemaLocation="https://maven.apache.org/surefire/maven-surefire-plugin/xsd/surefire-test-report-3.0.xsd" version="3.0" name="com.bbva.pfmh.lib.r010.impl.PFMHR010ImplTest" time="0.018" tests="4" errors="0" skipped="0" failures="0">
  <properties>
    <property name="sun.desktop" value="windows"/>
    <property name="awt.toolkit" value="sun.awt.windows.WToolkit"/>
    <property name="java.specification.version" value="11"/>
    <property name="sun.cpu.isalist" value="amd64"/>
    <property name="sun.jnu.encoding" value="Cp1252"/>
    <property name="java.class.path" value="C:\Pedro\workspace\FUTURA\bugfix\onl_orquestadora_ffmm\artifact\libraries\PFMHR010IMPL\target\test-classes;C:\Pedro\workspace\FUTURA\bugfix\onl_orquestadora_ffmm\artifact\libraries\PFMHR010IMPL\target\classes;C:\Pedro\workspace\FUTURA\bugfix\onl_orquestadora_ffmm\artifact\libraries\PFMHR010\target\PFMHR010.jar;C:\Pedro\workspace\FUTURA\bugfix\onl_orquestadora_ffmm\artifact\dtos\PFMHC010\target\PFMHC010.jar;C:\Users\pipanaqu\.m2\repository\org\apache\commons\commons-lang3\3.2.1\commons-lang3-3.2.1.jar;C:\Users\pipanaqu\.m2\repository\com\bbva\elara\elara-library\8.0.11\elara-library-8.0.11.jar;C:\Users\pipanaqu\.m2\repository\com\bbva\elara\elara-online-common\8.0.11\elara-online-common-8.0.11.jar;C:\Users\pipanaqu\.m2\repository\com\bbva\elara\elara-configuration-manager\8.0.11\elara-configuration-manager-8.0.11.jar;C:\Users\pipanaqu\.m2\repository\com\bbva\elara\elara-http-bridge\8.0.11\elara-http-bridge-8.0.11.jar;C:\Users\pipanaqu\.m2\repository\com\bbva\semaas\delta\0.11.1\delta-0.11.1.jar;C:\Users\pipanaqu\.m2\repository\com\squareup\okhttp\okhttp\2.5.0\okhttp-2.5.0.jar;C:\Users\pipanaqu\.m2\repository\com\squareup\okio\okio\1.6.0\okio-1.6.0.jar;C:\Users\pipanaqu\.m2\repository\org\apache\httpcomponents\httpclient\4.5.9\httpclient-4.5.9.jar;C:\Users\pipanaqu\.m2\repository\commons-codec\commons-codec\1.9\commons-codec-1.9.jar;C:\Users\pipanaqu\.m2\repository\org\apache\httpcomponents\httpcore\4.4.9\httpcore-4.4.9.jar;C:\Users\pipanaqu\.m2\repository\org\json\json\20131018\json-20131018.jar;C:\Users\pipanaqu\.m2\repository\io\jsonwebtoken\jjwt\0.9.1\jjwt-0.9.1.jar;C:\Users\pipanaqu\.m2\repository\com\fasterxml\jackson\core\jackson-databind\2.17.1\jackson-databind-2.17.1.jar;C:\Users\pipanaqu\.m2\repository\com\fasterxml\jackson\core\jackson-annotations\2.17.1\jackson-annotations-2.17.1.jar;C:\Users\pipanaqu\.m2\repository\com\fasterxml\jackson\core\jackson-core\2.17.1\jackson-core-2.17.1.jar;C:\Users\pipanaqu\.m2\repository\com\bbva\elara\elara-support-whiteboard-dispacher\8.0.11\elara-support-whiteboard-dispacher-8.0.11.jar;C:\Users\pipanaqu\.m2\repository\com\bbva\elara\elara-domain-datasource\8.0.11\elara-domain-datasource-8.0.11.jar;C:\Users\pipanaqu\.m2\repository\commons-configuration\commons-configuration\1.8\commons-configuration-1.8.jar;C:\Users\pipanaqu\.m2\repository\commons-io\commons-io\2.1\commons-io-2.1.jar;C:\Users\pipanaqu\.m2\repository\org\springframework\spring-context\5.3.34\spring-context-5.3.34.jar;C:\Users\pipanaqu\.m2\repository\org\eclipse\gemini\blueprint\gemini-blueprint-core\3.0.0.M01\gemini-blueprint-core-3.0.0.M01.jar;C:\Users\pipanaqu\.m2\repository\com\bbva\elara\elara-utility-log\8.0.11\elara-utility-log-8.0.11.jar;C:\Users\pipanaqu\.m2\repository\com\bbva\elara\elara-support-visibility-store\8.0.11\elara-support-visibility-store-8.0.11.jar;C:\Users\pipanaqu\.m2\repository\com\bbva\elara\elara-data-access-architecture\8.0.11\elara-data-access-architecture-8.0.11.jar;C:\Users\pipanaqu\.m2\repository\net\sf\ehcache\ehcache\2.8.9\ehcache-2.8.9.jar;C:\Users\pipanaqu\.m2\repository\com\bbva\elara\elara-data-access-common\8.0.11\elara-data-access-common-8.0.11.jar;C:\Users\pipanaqu\.m2\repository\com\bbva\elara\elara-domain-jdbc\8.0.11\elara-domain-jdbc-8.0.11.jar;C:\Users\pipanaqu\.m2\repository\jakarta\transaction\jakarta.transaction-api\1.3.2\jakarta.transaction-api-1.3.2.jar;C:\Users\pipanaqu\.m2\repository\com\bbva\elara\elara-support-locale\8.0.11\elara-support-locale-8.0.11.jar;C:\Users\pipanaqu\.m2\repository\org\springframework\spring-aop\5.3.34\spring-aop-5.3.34.jar;C:\Users\pipanaqu\.m2\repository\org\springframework\spring-expression\5.3.34\spring-expression-5.3.34.jar;C:\Users\pipanaqu\.m2\repository\org\springframework\spring-jdbc\5.3.34\spring-jdbc-5.3.34.jar;C:\Users\pipanaqu\.m2\repository\org\springframework\spring-orm\5.3.34\spring-orm-5.3.34.jar;C:\Users\pipanaqu\.m2\repository\org\springframework\spring-tx\5.3.34\spring-tx-5.3.34.jar;C:\Users\pipanaqu\.m2\repository\org\eclipse\persistence\org.eclipse.persistence.jpa\2.7.14\org.eclipse.persistence.jpa-2.7.14.jar;C:\Users\pipanaqu\.m2\repository\org\eclipse\persistence\jakarta.persistence\2.2.3\jakarta.persistence-2.2.3.jar;C:\Users\pipanaqu\.m2\repository\org\eclipse\persistence\org.eclipse.persistence.asm\9.6.0\org.eclipse.persistence.asm-9.6.0.jar;C:\Users\pipanaqu\.m2\repository\org\eclipse\persistence\org.eclipse.persistence.antlr\2.7.14\org.eclipse.persistence.antlr-2.7.14.jar;C:\Users\pipanaqu\.m2\repository\org\eclipse\persistence\org.eclipse.persistence.jpa.jpql\2.7.14\org.eclipse.persistence.jpa.jpql-2.7.14.jar;C:\Users\pipanaqu\.m2\repository\org\eclipse\persistence\org.eclipse.persistence.core\2.7.14\org.eclipse.persistence.core-2.7.14.jar;C:\Users\pipanaqu\.m2\repository\org\eclipse\persistence\org.eclipse.persistence.oracle\2.7.14\org.eclipse.persistence.oracle-2.7.14.jar;C:\Users\pipanaqu\.m2\repository\commons-collections\commons-collections\3.1\commons-collections-3.1.jar;C:\Users\pipanaqu\.m2\repository\com\jolbox\bonecp\0.8.0.RELEASE\bonecp-0.8.0.RELEASE.jar;C:\Users\pipanaqu\.m2\repository\com\google\guava\guava\32.1.3-jre\guava-32.1.3-jre.jar;C:\Users\pipanaqu\.m2\repository\com\google\guava\failureaccess\1.0.1\failureaccess-1.0.1.jar;C:\Users\pipanaqu\.m2\repository\com\google\guava\listenablefuture\9999.0-empty-to-avoid-conflict-with-guava\listenablefuture-9999.0-empty-to-avoid-conflict-with-guava.jar;C:\Users\pipanaqu\.m2\repository\org\checkerframework\checker-qual\3.37.0\checker-qual-3.37.0.jar;C:\Users\pipanaqu\.m2\repository\com\google\j2objc\j2objc-annotations\2.8\j2objc-annotations-2.8.jar;C:\Users\pipanaqu\.m2\repository\commons-pool\commons-pool\1.5.3\commons-pool-1.5.3.jar;C:\Users\pipanaqu\.m2\repository\antlr\antlr\2.7.6\antlr-2.7.6.jar;C:\Users\pipanaqu\.m2\repository\aopalliance\aopalliance\1.0\aopalliance-1.0.jar;C:\Users\pipanaqu\.m2\repository\dom4j\dom4j\1.6.1\dom4j-1.6.1.jar;C:\Users\pipanaqu\.m2\repository\org\apache\commons\commons-collections4\4.0\commons-collections4-4.0.jar;C:\Users\pipanaqu\.m2\repository\javax\validation\validation-api\1.0.0.GA\validation-api-1.0.0.GA.jar;C:\Users\pipanaqu\.m2\repository\com\oracle\ojdbc6\11.1.0.7.0\ojdbc6-11.1.0.7.0.jar;C:\Users\pipanaqu\.m2\repository\com\edb\edb-jdbc16\8.4\edb-jdbc16-8.4.jar;C:\Users\pipanaqu\.m2\repository\org\quartz-scheduler\quartz\2.3.2\quartz-2.3.2.jar;C:\Users\pipanaqu\.m2\repository\com\mchange\c3p0\0.9.5.5\c3p0-0.9.5.5.jar;C:\Users\pipanaqu\.m2\repository\com\mchange\mchange-commons-java\0.2.15\mchange-commons-java-0.2.15.jar;C:\Users\pipanaqu\.m2\repository\com\zaxxer\HikariCP-java7\2.4.13\HikariCP-java7-2.4.13.jar;C:\Users\pipanaqu\.m2\repository\com\bbva\elara\elara-commons-utils\8.0.11\elara-commons-utils-8.0.11.jar;C:\Users\pipanaqu\.m2\repository\io\grpc\grpc-context\1.65.1\grpc-context-1.65.1.jar;C:\Users\pipanaqu\.m2\repository\io\grpc\grpc-api\1.65.1\grpc-api-1.65.1.jar;C:\Users\pipanaqu\.m2\repository\com\google\code\findbugs\jsr305\3.0.2\jsr305-3.0.2.jar;C:\Users\pipanaqu\.m2\repository\com\google\errorprone\error_prone_annotations\2.23.0\error_prone_annotations-2.23.0.jar;C:\Users\pipanaqu\.m2\repository\com\titan\client\titan_client_java_sdk\2.3.5\titan_client_java_sdk-2.3.5.jar;C:\Users\pipanaqu\.m2\repository\com\titan\client\titan-protobuf-sql\2.3.5\titan-protobuf-sql-2.3.5.jar;C:\Users\pipanaqu\.m2\repository\javax\annotation\javax.annotation-api\1.3.2\javax.annotation-api-1.3.2.jar;C:\Users\pipanaqu\.m2\repository\org\springframework\spring-web\5.3.34\spring-web-5.3.34.jar;C:\Users\pipanaqu\.m2\repository\com\bbva\elara\elara-support-events-bea\8.0.11\elara-support-events-bea-8.0.11.jar;C:\Users\pipanaqu\.m2\repository\com\bbva\elara\elara-support-events-proto\8.0.11\elara-support-events-proto-8.0.11.jar;C:\Users\pipanaqu\.m2\repository\io\grpc\grpc-stub\1.65.1\grpc-stub-1.65.1.jar;C:\Users\pipanaqu\.m2\repository\io\grpc\grpc-protobuf\1.65.1\grpc-protobuf-1.65.1.jar;C:\Users\pipanaqu\.m2\repository\com\google\api\grpc\proto-google-common-protos\2.29.0\proto-google-common-protos-2.29.0.jar;C:\Users\pipanaqu\.m2\repository\io\grpc\grpc-protobuf-lite\1.65.1\grpc-protobuf-lite-1.65.1.jar;C:\Users\pipanaqu\.m2\repository\io\grpc\grpc-netty\1.65.1\grpc-netty-1.65.1.jar;C:\Users\pipanaqu\.m2\repository\io\netty\netty-codec-http2\4.1.100.Final\netty-codec-http2-4.1.100.Final.jar;C:\Users\pipanaqu\.m2\repository\io\netty\netty-common\4.1.100.Final\netty-common-4.1.100.Final.jar;C:\Users\pipanaqu\.m2\repository\io\netty\netty-buffer\4.1.100.Final\netty-buffer-4.1.100.Final.jar;C:\Users\pipanaqu\.m2\repository\io\netty\netty-transport\4.1.100.Final\netty-transport-4.1.100.Final.jar;C:\Users\pipanaqu\.m2\repository\io\netty\netty-resolver\4.1.100.Final\netty-resolver-4.1.100.Final.jar;C:\Users\pipanaqu\.m2\repository\io\netty\netty-codec\4.1.100.Final\netty-codec-4.1.100.Final.jar;C:\Users\pipanaqu\.m2\repository\io\netty\netty-handler\4.1.100.Final\netty-handler-4.1.100.Final.jar;C:\Users\pipanaqu\.m2\repository\io\netty\netty-codec-http\4.1.100.Final\netty-codec-http-4.1.100.Final.jar;C:\Users\pipanaqu\.m2\repository\io\grpc\grpc-core\1.65.1\grpc-core-1.65.1.jar;C:\Users\pipanaqu\.m2\repository\com\google\android\annotations\4.1.1.4\annotations-4.1.1.4.jar;C:\Users\pipanaqu\.m2\repository\io\netty\netty-handler-proxy\4.1.100.Final\netty-handler-proxy-4.1.100.Final.jar;C:\Users\pipanaqu\.m2\repository\io\netty\netty-codec-socks\4.1.100.Final\netty-codec-socks-4.1.100.Final.jar;C:\Users\pipanaqu\.m2\repository\io\perfmark\perfmark-api\0.26.0\perfmark-api-0.26.0.jar;C:\Users\pipanaqu\.m2\repository\io\netty\netty-transport-native-unix-common\4.1.100.Final\netty-transport-native-unix-common-4.1.100.Final.jar;C:\Users\pipanaqu\.m2\repository\io\grpc\grpc-util\1.65.1\grpc-util-1.65.1.jar;C:\Users\pipanaqu\.m2\repository\com\google\protobuf\protobuf-java\3.25.1\protobuf-java-3.25.1.jar;C:\Users\pipanaqu\.m2\repository\com\bbva\elara\elara-domain-transaction\8.0.11\elara-domain-transaction-8.0.11.jar;C:\Users\pipanaqu\.m2\repository\commons-lang\commons-lang\2.5\commons-lang-2.5.jar;C:\Users\pipanaqu\.m2\repository\com\bbva\elara\elara-domain-integration-enum\8.0.11\elara-domain-integration-enum-8.0.11.jar;C:\Users\pipanaqu\.m2\repository\com\bbva\elara\elara-domain-xsd-mapping\8.0.11\elara-domain-xsd-mapping-8.0.11.jar;C:\Users\pipanaqu\.m2\repository\com\bbva\elara\elara-domain-xsd-protocol\8.0.11\elara-domain-xsd-protocol-8.0.11.jar;C:\Users\pipanaqu\.m2\repository\org\apache\cxf\cxf-rt-frontend-jaxrs\3.5.8\cxf-rt-frontend-jaxrs-3.5.8.jar;C:\Users\pipanaqu\.m2\repository\org\apache\cxf\cxf-core\3.5.8\cxf-core-3.5.8.jar;C:\Users\pipanaqu\.m2\repository\org\glassfish\jaxb\jaxb-runtime\2.3.5\jaxb-runtime-2.3.5.jar;C:\Users\pipanaqu\.m2\repository\org\glassfish\jaxb\txw2\2.3.5\txw2-2.3.5.jar;C:\Users\pipanaqu\.m2\repository\com\sun\istack\istack-commons-runtime\2.19\istack-commons-runtime-2.19.jar;C:\Users\pipanaqu\.m2\repository\com\fasterxml\woodstox\woodstox-core\6.4.0\woodstox-core-6.4.0.jar;C:\Users\pipanaqu\.m2\repository\org\codehaus\woodstox\stax2-api\4.2.1\stax2-api-4.2.1.jar;C:\Users\pipanaqu\.m2\repository\org\apache\ws\xmlschema\xmlschema-core\2.3.0\xmlschema-core-2.3.0.jar;C:\Users\pipanaqu\.m2\repository\jakarta\ws\rs\jakarta.ws.rs-api\2.1.6\jakarta.ws.rs-api-2.1.6.jar;C:\Users\pipanaqu\.m2\repository\jakarta\annotation\jakarta.annotation-api\1.3.5\jakarta.annotation-api-1.3.5.jar;C:\Users\pipanaqu\.m2\repository\org\apache\cxf\cxf-rt-transports-http\3.5.8\cxf-rt-transports-http-3.5.8.jar;C:\Users\pipanaqu\.m2\repository\org\apache\cxf\cxf-rt-security\3.5.8\cxf-rt-security-3.5.8.jar;C:\Users\pipanaqu\.m2\repository\jakarta\xml\ws\jakarta.xml.ws-api\2.3.3\jakarta.xml.ws-api-2.3.3.jar;C:\Users\pipanaqu\.m2\repository\jakarta\jws\jakarta.jws-api\2.1.0\jakarta.jws-api-2.1.0.jar;C:\Users\pipanaqu\.m2\repository\jakarta\xml\soap\jakarta.xml.soap-api\1.4.2\jakarta.xml.soap-api-1.4.2.jar;C:\Users\pipanaqu\.m2\repository\com\sun\xml\messaging\saaj\saaj-impl\1.3.12\saaj-impl-1.3.12.jar;C:\Users\pipanaqu\.m2\repository\org\apache\geronimo\specs\geronimo-jta_1.1_spec\1.1.1\geronimo-jta_1.1_spec-1.1.1.jar;C:\Users\pipanaqu\.m2\repository\org\apache\cxf\cxf-rt-databinding-aegis\3.5.8\cxf-rt-databinding-aegis-3.5.8.jar;C:\Users\pipanaqu\.m2\repository\org\apache\cxf\cxf-rt-frontend-simple\3.5.8\cxf-rt-frontend-simple-3.5.8.jar;C:\Users\pipanaqu\.m2\repository\org\apache\cxf\cxf-rt-bindings-soap\3.5.8\cxf-rt-bindings-soap-3.5.8.jar;C:\Users\pipanaqu\.m2\repository\org\apache\cxf\cxf-rt-databinding-jaxb\3.5.8\cxf-rt-databinding-jaxb-3.5.8.jar;C:\Users\pipanaqu\.m2\repository\org\apache\cxf\cxf-rt-wsdl\3.5.8\cxf-rt-wsdl-3.5.8.jar;C:\Users\pipanaqu\.m2\repository\wsdl4j\wsdl4j\1.6.3\wsdl4j-1.6.3.jar;C:\Users\pipanaqu\.m2\repository\org\ow2\asm\asm\9.4\asm-9.4.jar;C:\Users\pipanaqu\.m2\repository\com\bbva\elara\elara-exception\8.0.11\elara-exception-8.0.11.jar;C:\Users\pipanaqu\.m2\repository\com\google\code\gson\gson\2.2.2\gson-2.2.2.jar;C:\Users\pipanaqu\.m2\repository\com\bbva\elara\elara-support-transaction-invoker\8.0.11\elara-support-transaction-invoker-8.0.11.jar;C:\Users\pipanaqu\.m2\repository\org\apache\felix\org.apache.felix.framework\7.0.5\org.apache.felix.framework-7.0.5.jar;C:\Users\pipanaqu\.m2\repository\org\codehaus\mojo\animal-sniffer-annotations\1.9\animal-sniffer-annotations-1.9.jar;C:\Users\pipanaqu\.m2\repository\org\springframework\spring-beans\5.3.34\spring-beans-5.3.34.jar;C:\Users\pipanaqu\.m2\repository\org\springframework\spring-core\5.3.34\spring-core-5.3.34.jar;C:\Users\pipanaqu\.m2\repository\joda-time\joda-time\2.4\joda-time-2.4.jar;C:\Users\pipanaqu\.m2\repository\com\bbva\elara\elara-configuration-manager-application\8.0.11\elara-configuration-manager-application-8.0.11.jar;C:\Users\pipanaqu\.m2\repository\org\mockito\mockito-core\1.10.19\mockito-core-1.10.19.jar;C:\Users\pipanaqu\.m2\repository\org\hamcrest\hamcrest-core\1.3\hamcrest-core-1.3.jar;C:\Users\pipanaqu\.m2\repository\org\objenesis\objenesis\2.1\objenesis-2.1.jar;C:\Users\pipanaqu\.m2\repository\com\bbva\ksan\KSANRE01\0.4.0\KSANRE01-0.4.0.jar;C:\Users\pipanaqu\.m2\repository\com\bbva\ksan\dto\contract\KSANCE01\0.4.0\KSANCE01-0.4.0.jar;C:\Users\pipanaqu\.m2\repository\com\bbva\kusu\KUSUR325\0.3.3\KUSUR325-0.3.3.jar;C:\Users\pipanaqu\.m2\repository\com\bbva\kusu\dto\mapper\KUSUC001\0.18.17\KUSUC001-0.18.17.jar;C:\Users\pipanaqu\.m2\repository\org\codehaus\jackson\jackson-core-asl\1.9.2\jackson-core-asl-1.9.2.jar;C:\Users\pipanaqu\.m2\repository\org\codehaus\jackson\jackson-mapper-asl\1.9.2\jackson-mapper-asl-1.9.2.jar;C:\Users\pipanaqu\.m2\repository\org\mapstruct\mapstruct\1.3.0.Final\mapstruct-1.3.0.Final.jar;C:\Users\pipanaqu\.m2\repository\com\bbva\kusu\dto\users\KUSUC000\0.16.87\KUSUC000-0.16.87.jar;C:\Users\pipanaqu\.m2\repository\com\bbva\apx\dto\apx-dto\1.0.0\apx-dto-1.0.0.jar;C:\Users\pipanaqu\.m2\repository\com\bbva\pfmh\PFMHR015\0.1.0\PFMHR015-0.1.0.jar;C:\Users\pipanaqu\.m2\repository\com\bbva\pfmh\dto\fmc7\PFMHC005\0.6.3\PFMHC005-0.6.3.jar;C:\Users\pipanaqu\.m2\repository\junit\junit\4.13.1\junit-4.13.1.jar;C:\Users\pipanaqu\.m2\repository\org\apache\logging\log4j\log4j-api\2.17.1\log4j-api-2.17.1.jar;C:\Users\pipanaqu\.m2\repository\org\apache\logging\log4j\log4j-core\2.17.1\log4j-core-2.17.1.jar;C:\Users\pipanaqu\.m2\repository\org\slf4j\jcl-over-slf4j\1.7.36\jcl-over-slf4j-1.7.36.jar;C:\Users\pipanaqu\.m2\repository\org\slf4j\jul-to-slf4j\1.7.36\jul-to-slf4j-1.7.36.jar;C:\Users\pipanaqu\.m2\repository\org\slf4j\slf4j-api\1.7.36\slf4j-api-1.7.36.jar;C:\Users\pipanaqu\.m2\repository\org\apache\logging\log4j\log4j-slf4j-impl\2.17.1\log4j-slf4j-impl-2.17.1.jar;C:\Users\pipanaqu\.m2\repository\jakarta\xml\bind\jakarta.xml.bind-api\2.3.3\jakarta.xml.bind-api-2.3.3.jar;C:\Users\pipanaqu\.m2\repository\jakarta\activation\jakarta.activation-api\1.2.2\jakarta.activation-api-1.2.2.jar;C:\Users\pipanaqu\.m2\repository\com\sun\xml\bind\jaxb-impl\2.3.7\jaxb-impl-2.3.7.jar;C:\Users\pipanaqu\.m2\repository\com\sun\activation\jakarta.activation\1.2.2\jakarta.activation-1.2.2.jar;"/>
    <property name="java.vm.vendor" value="Oracle Corporation"/>
    <property name="sun.arch.data.model" value="64"/>
    <property name="user.variant" value=""/>
    <property name="java.vendor.url" value="https://openjdk.java.net/"/>
    <property name="user.timezone" value="ECT"/>
    <property name="java.vm.specification.version" value="11"/>
    <property name="os.name" value="Windows 11"/>
    <property name="sun.java.launcher" value="SUN_STANDARD"/>
    <property name="user.country" value="PE"/>
    <property name="sun.boot.library.path" value="C:\Pedro\recursos\jdk-11.0.21\bin"/>
    <property name="sun.java.command" value="C:\Users\pipanaqu\AppData\Local\Temp\surefire4714499839869900923\surefirebooter-20250808164652599_3.jar C:\Users\pipanaqu\AppData\Local\Temp\surefire4714499839869900923 2025-08-08T16-46-42_759-jvmRun1 surefire-20250808164652599_1tmp surefire_0-20250808164652599_2tmp"/>
    <property name="jdk.debug" value="release"/>
    <property name="surefire.test.class.path" value="C:\Pedro\workspace\FUTURA\bugfix\onl_orquestadora_ffmm\artifact\libraries\PFMHR010IMPL\target\test-classes;C:\Pedro\workspace\FUTURA\bugfix\onl_orquestadora_ffmm\artifact\libraries\PFMHR010IMPL\target\classes;C:\Pedro\workspace\FUTURA\bugfix\onl_orquestadora_ffmm\artifact\libraries\PFMHR010\target\PFMHR010.jar;C:\Pedro\workspace\FUTURA\bugfix\onl_orquestadora_ffmm\artifact\dtos\PFMHC010\target\PFMHC010.jar;C:\Users\pipanaqu\.m2\repository\org\apache\commons\commons-lang3\3.2.1\commons-lang3-3.2.1.jar;C:\Users\pipanaqu\.m2\repository\com\bbva\elara\elara-library\8.0.11\elara-library-8.0.11.jar;C:\Users\pipanaqu\.m2\repository\com\bbva\elara\elara-online-common\8.0.11\elara-online-common-8.0.11.jar;C:\Users\pipanaqu\.m2\repository\com\bbva\elara\elara-configuration-manager\8.0.11\elara-configuration-manager-8.0.11.jar;C:\Users\pipanaqu\.m2\repository\com\bbva\elara\elara-http-bridge\8.0.11\elara-http-bridge-8.0.11.jar;C:\Users\pipanaqu\.m2\repository\com\bbva\semaas\delta\0.11.1\delta-0.11.1.jar;C:\Users\pipanaqu\.m2\repository\com\squareup\okhttp\okhttp\2.5.0\okhttp-2.5.0.jar;C:\Users\pipanaqu\.m2\repository\com\squareup\okio\okio\1.6.0\okio-1.6.0.jar;C:\Users\pipanaqu\.m2\repository\org\apache\httpcomponents\httpclient\4.5.9\httpclient-4.5.9.jar;C:\Users\pipanaqu\.m2\repository\commons-codec\commons-codec\1.9\commons-codec-1.9.jar;C:\Users\pipanaqu\.m2\repository\org\apache\httpcomponents\httpcore\4.4.9\httpcore-4.4.9.jar;C:\Users\pipanaqu\.m2\repository\org\json\json\20131018\json-20131018.jar;C:\Users\pipanaqu\.m2\repository\io\jsonwebtoken\jjwt\0.9.1\jjwt-0.9.1.jar;C:\Users\pipanaqu\.m2\repository\com\fasterxml\jackson\core\jackson-databind\2.17.1\jackson-databind-2.17.1.jar;C:\Users\pipanaqu\.m2\repository\com\fasterxml\jackson\core\jackson-annotations\2.17.1\jackson-annotations-2.17.1.jar;C:\Users\pipanaqu\.m2\repository\com\fasterxml\jackson\core\jackson-core\2.17.1\jackson-core-2.17.1.jar;C:\Users\pipanaqu\.m2\repository\com\bbva\elara\elara-support-whiteboard-dispacher\8.0.11\elara-support-whiteboard-dispacher-8.0.11.jar;C:\Users\pipanaqu\.m2\repository\com\bbva\elara\elara-domain-datasource\8.0.11\elara-domain-datasource-8.0.11.jar;C:\Users\pipanaqu\.m2\repository\commons-configuration\commons-configuration\1.8\commons-configuration-1.8.jar;C:\Users\pipanaqu\.m2\repository\commons-io\commons-io\2.1\commons-io-2.1.jar;C:\Users\pipanaqu\.m2\repository\org\springframework\spring-context\5.3.34\spring-context-5.3.34.jar;C:\Users\pipanaqu\.m2\repository\org\eclipse\gemini\blueprint\gemini-blueprint-core\3.0.0.M01\gemini-blueprint-core-3.0.0.M01.jar;C:\Users\pipanaqu\.m2\repository\com\bbva\elara\elara-utility-log\8.0.11\elara-utility-log-8.0.11.jar;C:\Users\pipanaqu\.m2\repository\com\bbva\elara\elara-support-visibility-store\8.0.11\elara-support-visibility-store-8.0.11.jar;C:\Users\pipanaqu\.m2\repository\com\bbva\elara\elara-data-access-architecture\8.0.11\elara-data-access-architecture-8.0.11.jar;C:\Users\pipanaqu\.m2\repository\net\sf\ehcache\ehcache\2.8.9\ehcache-2.8.9.jar;C:\Users\pipanaqu\.m2\repository\com\bbva\elara\elara-data-access-common\8.0.11\elara-data-access-common-8.0.11.jar;C:\Users\pipanaqu\.m2\repository\com\bbva\elara\elara-domain-jdbc\8.0.11\elara-domain-jdbc-8.0.11.jar;C:\Users\pipanaqu\.m2\repository\jakarta\transaction\jakarta.transaction-api\1.3.2\jakarta.transaction-api-1.3.2.jar;C:\Users\pipanaqu\.m2\repository\com\bbva\elara\elara-support-locale\8.0.11\elara-support-locale-8.0.11.jar;C:\Users\pipanaqu\.m2\repository\org\springframework\spring-aop\5.3.34\spring-aop-5.3.34.jar;C:\Users\pipanaqu\.m2\repository\org\springframework\spring-expression\5.3.34\spring-expression-5.3.34.jar;C:\Users\pipanaqu\.m2\repository\org\springframework\spring-jdbc\5.3.34\spring-jdbc-5.3.34.jar;C:\Users\pipanaqu\.m2\repository\org\springframework\spring-orm\5.3.34\spring-orm-5.3.34.jar;C:\Users\pipanaqu\.m2\repository\org\springframework\spring-tx\5.3.34\spring-tx-5.3.34.jar;C:\Users\pipanaqu\.m2\repository\org\eclipse\persistence\org.eclipse.persistence.jpa\2.7.14\org.eclipse.persistence.jpa-2.7.14.jar;C:\Users\pipanaqu\.m2\repository\org\eclipse\persistence\jakarta.persistence\2.2.3\jakarta.persistence-2.2.3.jar;C:\Users\pipanaqu\.m2\repository\org\eclipse\persistence\org.eclipse.persistence.asm\9.6.0\org.eclipse.persistence.asm-9.6.0.jar;C:\Users\pipanaqu\.m2\repository\org\eclipse\persistence\org.eclipse.persistence.antlr\2.7.14\org.eclipse.persistence.antlr-2.7.14.jar;C:\Users\pipanaqu\.m2\repository\org\eclipse\persistence\org.eclipse.persistence.jpa.jpql\2.7.14\org.eclipse.persistence.jpa.jpql-2.7.14.jar;C:\Users\pipanaqu\.m2\repository\org\eclipse\persistence\org.eclipse.persistence.core\2.7.14\org.eclipse.persistence.core-2.7.14.jar;C:\Users\pipanaqu\.m2\repository\org\eclipse\persistence\org.eclipse.persistence.oracle\2.7.14\org.eclipse.persistence.oracle-2.7.14.jar;C:\Users\pipanaqu\.m2\repository\commons-collections\commons-collections\3.1\commons-collections-3.1.jar;C:\Users\pipanaqu\.m2\repository\com\jolbox\bonecp\0.8.0.RELEASE\bonecp-0.8.0.RELEASE.jar;C:\Users\pipanaqu\.m2\repository\com\google\guava\guava\32.1.3-jre\guava-32.1.3-jre.jar;C:\Users\pipanaqu\.m2\repository\com\google\guava\failureaccess\1.0.1\failureaccess-1.0.1.jar;C:\Users\pipanaqu\.m2\repository\com\google\guava\listenablefuture\9999.0-empty-to-avoid-conflict-with-guava\listenablefuture-9999.0-empty-to-avoid-conflict-with-guava.jar;C:\Users\pipanaqu\.m2\repository\org\checkerframework\checker-qual\3.37.0\checker-qual-3.37.0.jar;C:\Users\pipanaqu\.m2\repository\com\google\j2objc\j2objc-annotations\2.8\j2objc-annotations-2.8.jar;C:\Users\pipanaqu\.m2\repository\commons-pool\commons-pool\1.5.3\commons-pool-1.5.3.jar;C:\Users\pipanaqu\.m2\repository\antlr\antlr\2.7.6\antlr-2.7.6.jar;C:\Users\pipanaqu\.m2\repository\aopalliance\aopalliance\1.0\aopalliance-1.0.jar;C:\Users\pipanaqu\.m2\repository\dom4j\dom4j\1.6.1\dom4j-1.6.1.jar;C:\Users\pipanaqu\.m2\repository\org\apache\commons\commons-collections4\4.0\commons-collections4-4.0.jar;C:\Users\pipanaqu\.m2\repository\javax\validation\validation-api\1.0.0.GA\validation-api-1.0.0.GA.jar;C:\Users\pipanaqu\.m2\repository\com\oracle\ojdbc6\11.1.0.7.0\ojdbc6-11.1.0.7.0.jar;C:\Users\pipanaqu\.m2\repository\com\edb\edb-jdbc16\8.4\edb-jdbc16-8.4.jar;C:\Users\pipanaqu\.m2\repository\org\quartz-scheduler\quartz\2.3.2\quartz-2.3.2.jar;C:\Users\pipanaqu\.m2\repository\com\mchange\c3p0\0.9.5.5\c3p0-0.9.5.5.jar;C:\Users\pipanaqu\.m2\repository\com\mchange\mchange-commons-java\0.2.15\mchange-commons-java-0.2.15.jar;C:\Users\pipanaqu\.m2\repository\com\zaxxer\HikariCP-java7\2.4.13\HikariCP-java7-2.4.13.jar;C:\Users\pipanaqu\.m2\repository\com\bbva\elara\elara-commons-utils\8.0.11\elara-commons-utils-8.0.11.jar;C:\Users\pipanaqu\.m2\repository\io\grpc\grpc-context\1.65.1\grpc-context-1.65.1.jar;C:\Users\pipanaqu\.m2\repository\io\grpc\grpc-api\1.65.1\grpc-api-1.65.1.jar;C:\Users\pipanaqu\.m2\repository\com\google\code\findbugs\jsr305\3.0.2\jsr305-3.0.2.jar;C:\Users\pipanaqu\.m2\repository\com\google\errorprone\error_prone_annotations\2.23.0\error_prone_annotations-2.23.0.jar;C:\Users\pipanaqu\.m2\repository\com\titan\client\titan_client_java_sdk\2.3.5\titan_client_java_sdk-2.3.5.jar;C:\Users\pipanaqu\.m2\repository\com\titan\client\titan-protobuf-sql\2.3.5\titan-protobuf-sql-2.3.5.jar;C:\Users\pipanaqu\.m2\repository\javax\annotation\javax.annotation-api\1.3.2\javax.annotation-api-1.3.2.jar;C:\Users\pipanaqu\.m2\repository\org\springframework\spring-web\5.3.34\spring-web-5.3.34.jar;C:\Users\pipanaqu\.m2\repository\com\bbva\elara\elara-support-events-bea\8.0.11\elara-support-events-bea-8.0.11.jar;C:\Users\pipanaqu\.m2\repository\com\bbva\elara\elara-support-events-proto\8.0.11\elara-support-events-proto-8.0.11.jar;C:\Users\pipanaqu\.m2\repository\io\grpc\grpc-stub\1.65.1\grpc-stub-1.65.1.jar;C:\Users\pipanaqu\.m2\repository\io\grpc\grpc-protobuf\1.65.1\grpc-protobuf-1.65.1.jar;C:\Users\pipanaqu\.m2\repository\com\google\api\grpc\proto-google-common-protos\2.29.0\proto-google-common-protos-2.29.0.jar;C:\Users\pipanaqu\.m2\repository\io\grpc\grpc-protobuf-lite\1.65.1\grpc-protobuf-lite-1.65.1.jar;C:\Users\pipanaqu\.m2\repository\io\grpc\grpc-netty\1.65.1\grpc-netty-1.65.1.jar;C:\Users\pipanaqu\.m2\repository\io\netty\netty-codec-http2\4.1.100.Final\netty-codec-http2-4.1.100.Final.jar;C:\Users\pipanaqu\.m2\repository\io\netty\netty-common\4.1.100.Final\netty-common-4.1.100.Final.jar;C:\Users\pipanaqu\.m2\repository\io\netty\netty-buffer\4.1.100.Final\netty-buffer-4.1.100.Final.jar;C:\Users\pipanaqu\.m2\repository\io\netty\netty-transport\4.1.100.Final\netty-transport-4.1.100.Final.jar;C:\Users\pipanaqu\.m2\repository\io\netty\netty-resolver\4.1.100.Final\netty-resolver-4.1.100.Final.jar;C:\Users\pipanaqu\.m2\repository\io\netty\netty-codec\4.1.100.Final\netty-codec-4.1.100.Final.jar;C:\Users\pipanaqu\.m2\repository\io\netty\netty-handler\4.1.100.Final\netty-handler-4.1.100.Final.jar;C:\Users\pipanaqu\.m2\repository\io\netty\netty-codec-http\4.1.100.Final\netty-codec-http-4.1.100.Final.jar;C:\Users\pipanaqu\.m2\repository\io\grpc\grpc-core\1.65.1\grpc-core-1.65.1.jar;C:\Users\pipanaqu\.m2\repository\com\google\android\annotations\4.1.1.4\annotations-4.1.1.4.jar;C:\Users\pipanaqu\.m2\repository\io\netty\netty-handler-proxy\4.1.100.Final\netty-handler-proxy-4.1.100.Final.jar;C:\Users\pipanaqu\.m2\repository\io\netty\netty-codec-socks\4.1.100.Final\netty-codec-socks-4.1.100.Final.jar;C:\Users\pipanaqu\.m2\repository\io\perfmark\perfmark-api\0.26.0\perfmark-api-0.26.0.jar;C:\Users\pipanaqu\.m2\repository\io\netty\netty-transport-native-unix-common\4.1.100.Final\netty-transport-native-unix-common-4.1.100.Final.jar;C:\Users\pipanaqu\.m2\repository\io\grpc\grpc-util\1.65.1\grpc-util-1.65.1.jar;C:\Users\pipanaqu\.m2\repository\com\google\protobuf\protobuf-java\3.25.1\protobuf-java-3.25.1.jar;C:\Users\pipanaqu\.m2\repository\com\bbva\elara\elara-domain-transaction\8.0.11\elara-domain-transaction-8.0.11.jar;C:\Users\pipanaqu\.m2\repository\commons-lang\commons-lang\2.5\commons-lang-2.5.jar;C:\Users\pipanaqu\.m2\repository\com\bbva\elara\elara-domain-integration-enum\8.0.11\elara-domain-integration-enum-8.0.11.jar;C:\Users\pipanaqu\.m2\repository\com\bbva\elara\elara-domain-xsd-mapping\8.0.11\elara-domain-xsd-mapping-8.0.11.jar;C:\Users\pipanaqu\.m2\repository\com\bbva\elara\elara-domain-xsd-protocol\8.0.11\elara-domain-xsd-protocol-8.0.11.jar;C:\Users\pipanaqu\.m2\repository\org\apache\cxf\cxf-rt-frontend-jaxrs\3.5.8\cxf-rt-frontend-jaxrs-3.5.8.jar;C:\Users\pipanaqu\.m2\repository\org\apache\cxf\cxf-core\3.5.8\cxf-core-3.5.8.jar;C:\Users\pipanaqu\.m2\repository\org\glassfish\jaxb\jaxb-runtime\2.3.5\jaxb-runtime-2.3.5.jar;C:\Users\pipanaqu\.m2\repository\org\glassfish\jaxb\txw2\2.3.5\txw2-2.3.5.jar;C:\Users\pipanaqu\.m2\repository\com\sun\istack\istack-commons-runtime\2.19\istack-commons-runtime-2.19.jar;C:\Users\pipanaqu\.m2\repository\com\fasterxml\woodstox\woodstox-core\6.4.0\woodstox-core-6.4.0.jar;C:\Users\pipanaqu\.m2\repository\org\codehaus\woodstox\stax2-api\4.2.1\stax2-api-4.2.1.jar;C:\Users\pipanaqu\.m2\repository\org\apache\ws\xmlschema\xmlschema-core\2.3.0\xmlschema-core-2.3.0.jar;C:\Users\pipanaqu\.m2\repository\jakarta\ws\rs\jakarta.ws.rs-api\2.1.6\jakarta.ws.rs-api-2.1.6.jar;C:\Users\pipanaqu\.m2\repository\jakarta\annotation\jakarta.annotation-api\1.3.5\jakarta.annotation-api-1.3.5.jar;C:\Users\pipanaqu\.m2\repository\org\apache\cxf\cxf-rt-transports-http\3.5.8\cxf-rt-transports-http-3.5.8.jar;C:\Users\pipanaqu\.m2\repository\org\apache\cxf\cxf-rt-security\3.5.8\cxf-rt-security-3.5.8.jar;C:\Users\pipanaqu\.m2\repository\jakarta\xml\ws\jakarta.xml.ws-api\2.3.3\jakarta.xml.ws-api-2.3.3.jar;C:\Users\pipanaqu\.m2\repository\jakarta\jws\jakarta.jws-api\2.1.0\jakarta.jws-api-2.1.0.jar;C:\Users\pipanaqu\.m2\repository\jakarta\xml\soap\jakarta.xml.soap-api\1.4.2\jakarta.xml.soap-api-1.4.2.jar;C:\Users\pipanaqu\.m2\repository\com\sun\xml\messaging\saaj\saaj-impl\1.3.12\saaj-impl-1.3.12.jar;C:\Users\pipanaqu\.m2\repository\org\apache\geronimo\specs\geronimo-jta_1.1_spec\1.1.1\geronimo-jta_1.1_spec-1.1.1.jar;C:\Users\pipanaqu\.m2\repository\org\apache\cxf\cxf-rt-databinding-aegis\3.5.8\cxf-rt-databinding-aegis-3.5.8.jar;C:\Users\pipanaqu\.m2\repository\org\apache\cxf\cxf-rt-frontend-simple\3.5.8\cxf-rt-frontend-simple-3.5.8.jar;C:\Users\pipanaqu\.m2\repository\org\apache\cxf\cxf-rt-bindings-soap\3.5.8\cxf-rt-bindings-soap-3.5.8.jar;C:\Users\pipanaqu\.m2\repository\org\apache\cxf\cxf-rt-databinding-jaxb\3.5.8\cxf-rt-databinding-jaxb-3.5.8.jar;C:\Users\pipanaqu\.m2\repository\org\apache\cxf\cxf-rt-wsdl\3.5.8\cxf-rt-wsdl-3.5.8.jar;C:\Users\pipanaqu\.m2\repository\wsdl4j\wsdl4j\1.6.3\wsdl4j-1.6.3.jar;C:\Users\pipanaqu\.m2\repository\org\ow2\asm\asm\9.4\asm-9.4.jar;C:\Users\pipanaqu\.m2\repository\com\bbva\elara\elara-exception\8.0.11\elara-exception-8.0.11.jar;C:\Users\pipanaqu\.m2\repository\com\google\code\gson\gson\2.2.2\gson-2.2.2.jar;C:\Users\pipanaqu\.m2\repository\com\bbva\elara\elara-support-transaction-invoker\8.0.11\elara-support-transaction-invoker-8.0.11.jar;C:\Users\pipanaqu\.m2\repository\org\apache\felix\org.apache.felix.framework\7.0.5\org.apache.felix.framework-7.0.5.jar;C:\Users\pipanaqu\.m2\repository\org\codehaus\mojo\animal-sniffer-annotations\1.9\animal-sniffer-annotations-1.9.jar;C:\Users\pipanaqu\.m2\repository\org\springframework\spring-beans\5.3.34\spring-beans-5.3.34.jar;C:\Users\pipanaqu\.m2\repository\org\springframework\spring-core\5.3.34\spring-core-5.3.34.jar;C:\Users\pipanaqu\.m2\repository\joda-time\joda-time\2.4\joda-time-2.4.jar;C:\Users\pipanaqu\.m2\repository\com\bbva\elara\elara-configuration-manager-application\8.0.11\elara-configuration-manager-application-8.0.11.jar;C:\Users\pipanaqu\.m2\repository\org\mockito\mockito-core\1.10.19\mockito-core-1.10.19.jar;C:\Users\pipanaqu\.m2\repository\org\hamcrest\hamcrest-core\1.3\hamcrest-core-1.3.jar;C:\Users\pipanaqu\.m2\repository\org\objenesis\objenesis\2.1\objenesis-2.1.jar;C:\Users\pipanaqu\.m2\repository\com\bbva\ksan\KSANRE01\0.4.0\KSANRE01-0.4.0.jar;C:\Users\pipanaqu\.m2\repository\com\bbva\ksan\dto\contract\KSANCE01\0.4.0\KSANCE01-0.4.0.jar;C:\Users\pipanaqu\.m2\repository\com\bbva\kusu\KUSUR325\0.3.3\KUSUR325-0.3.3.jar;C:\Users\pipanaqu\.m2\repository\com\bbva\kusu\dto\mapper\KUSUC001\0.18.17\KUSUC001-0.18.17.jar;C:\Users\pipanaqu\.m2\repository\org\codehaus\jackson\jackson-core-asl\1.9.2\jackson-core-asl-1.9.2.jar;C:\Users\pipanaqu\.m2\repository\org\codehaus\jackson\jackson-mapper-asl\1.9.2\jackson-mapper-asl-1.9.2.jar;C:\Users\pipanaqu\.m2\repository\org\mapstruct\mapstruct\1.3.0.Final\mapstruct-1.3.0.Final.jar;C:\Users\pipanaqu\.m2\repository\com\bbva\kusu\dto\users\KUSUC000\0.16.87\KUSUC000-0.16.87.jar;C:\Users\pipanaqu\.m2\repository\com\bbva\apx\dto\apx-dto\1.0.0\apx-dto-1.0.0.jar;C:\Users\pipanaqu\.m2\repository\com\bbva\pfmh\PFMHR015\0.1.0\PFMHR015-0.1.0.jar;C:\Users\pipanaqu\.m2\repository\com\bbva\pfmh\dto\fmc7\PFMHC005\0.6.3\PFMHC005-0.6.3.jar;C:\Users\pipanaqu\.m2\repository\junit\junit\4.13.1\junit-4.13.1.jar;C:\Users\pipanaqu\.m2\repository\org\apache\logging\log4j\log4j-api\2.17.1\log4j-api-2.17.1.jar;C:\Users\pipanaqu\.m2\repository\org\apache\logging\log4j\log4j-core\2.17.1\log4j-core-2.17.1.jar;C:\Users\pipanaqu\.m2\repository\org\slf4j\jcl-over-slf4j\1.7.36\jcl-over-slf4j-1.7.36.jar;C:\Users\pipanaqu\.m2\repository\org\slf4j\jul-to-slf4j\1.7.36\jul-to-slf4j-1.7.36.jar;C:\Users\pipanaqu\.m2\repository\org\slf4j\slf4j-api\1.7.36\slf4j-api-1.7.36.jar;C:\Users\pipanaqu\.m2\repository\org\apache\logging\log4j\log4j-slf4j-impl\2.17.1\log4j-slf4j-impl-2.17.1.jar;C:\Users\pipanaqu\.m2\repository\jakarta\xml\bind\jakarta.xml.bind-api\2.3.3\jakarta.xml.bind-api-2.3.3.jar;C:\Users\pipanaqu\.m2\repository\jakarta\activation\jakarta.activation-api\1.2.2\jakarta.activation-api-1.2.2.jar;C:\Users\pipanaqu\.m2\repository\com\sun\xml\bind\jaxb-impl\2.3.7\jaxb-impl-2.3.7.jar;C:\Users\pipanaqu\.m2\repository\com\sun\activation\jakarta.activation\1.2.2\jakarta.activation-1.2.2.jar;"/>
    <property name="sun.cpu.endian" value="little"/>
    <property name="user.home" value="C:\Users\pipanaqu"/>
    <property name="user.language" value="es"/>
    <property name="java.specification.vendor" value="Oracle Corporation"/>
    <property name="java.version.date" value="2023-10-17"/>
    <property name="java.home" value="C:\Pedro\recursos\jdk-11.0.21"/>
    <property name="file.separator" value="\"/>
    <property name="basedir" value="C:\Pedro\workspace\FUTURA\bugfix\onl_orquestadora_ffmm\artifact\libraries\PFMHR010IMPL"/>
    <property name="java.vm.compressedOopsMode" value="Zero based"/>
    <property name="line.separator" value="&#10;"/>
    <property name="java.specification.name" value="Java Platform API Specification"/>
    <property name="java.vm.specification.vendor" value="Oracle Corporation"/>
    <property name="java.awt.graphicsenv" value="sun.awt.Win32GraphicsEnvironment"/>
    <property name="surefire.real.class.path" value="C:\Users\pipanaqu\AppData\Local\Temp\surefire4714499839869900923\surefirebooter-20250808164652599_3.jar"/>
    <property name="user.script" value=""/>
    <property name="sun.management.compiler" value="HotSpot 64-Bit Tiered Compilers"/>
    <property name="java.runtime.version" value="11.0.21+9-LTS-193"/>
    <property name="user.name" value="pipanaqu"/>
    <property name="path.separator" value=";"/>
    <property name="os.version" value="10.0"/>
    <property name="java.runtime.name" value="Java(TM) SE Runtime Environment"/>
    <property name="file.encoding" value="Cp1252"/>
    <property name="java.vm.name" value="Java HotSpot(TM) 64-Bit Server VM"/>
    <property name="java.vendor.version" value="18.9"/>
    <property name="localRepository" value="C:\Users\pipanaqu\.m2\repository"/>
    <property name="java.vendor.url.bug" value="https://bugreport.java.com/bugreport/"/>
    <property name="java.io.tmpdir" value="C:\Users\pipanaqu\AppData\Local\Temp\"/>
    <property name="java.version" value="11.0.21"/>
    <property name="user.dir" value="C:\Pedro\workspace\FUTURA\bugfix\onl_orquestadora_ffmm\artifact\libraries\PFMHR010IMPL"/>
    <property name="os.arch" value="amd64"/>
    <property name="java.vm.specification.name" value="Java Virtual Machine Specification"/>
    <property name="java.awt.printerjob" value="sun.awt.windows.WPrinterJob"/>
    <property name="sun.os.patch.level" value=""/>
    <property name="java.library.path" value="C:\Pedro\recursos\jdk-11.0.21\bin;C:\WINDOWS\Sun\Java\bin;C:\WINDOWS\system32;C:\WINDOWS;C:\WINDOWS\system32;C:\WINDOWS;C:\WINDOWS\System32\Wbem;C:\WINDOWS\System32\WindowsPowerShell\v1.0\;C:\WINDOWS\System32\OpenSSH\;C:\Users\pipanaqu\AppData\Local\Microsoft\WindowsApps;C:\Users\pipanaqu\AppData\Local\Programs\Git\cmd;C:\Pedro\recursos\apx-cli-1.18.1-Windows-x86_64;C:\Pedro\recursos\apache-maven-3.8.8\bin;C:\Pedro\recursos\jdk-11.0.21\bin;C:\Pedro\recursos;C:\Users\pipanaqu\AppData\Local\Programs\Microsoft VS Code\bin;."/>
    <property name="java.vendor" value="Oracle Corporation"/>
    <property name="java.vm.info" value="mixed mode"/>
    <property name="java.vm.version" value="11.0.21+9-LTS-193"/>
    <property name="java.specification.maintenance.version" value="2"/>
    <property name="sun.io.unicode.encoding" value="UnicodeLittle"/>
    <property name="java.class.version" value="55.0"/>
  </properties>
  <testcase name="testExecuteGetFFMMStatements_ReturnsEmptyListWhenResponseIsNullOrEmpty" classname="com.bbva.pfmh.lib.r010.impl.PFMHR010ImplTest" time="0.0"/>
  <testcase name="testExecuteGetFFMMStatements_ReturnsEmptyListWhenContractNotFound" classname="com.bbva.pfmh.lib.r010.impl.PFMHR010ImplTest" time="0.015">
    <system-out><![CDATA[23:46:58.254 [main] ERROR com.bbva.pfmh.lib.r010.impl.cics.FMC7Connection - No se ha podido obtener el contrato de KSAN
]]></system-out>
  </testcase>
  <testcase name="testExecuteGetFFMMStatements_ReturnsData" classname="com.bbva.pfmh.lib.r010.impl.PFMHR010ImplTest" time="0.0"/>
  <testcase name="testExecuteGetFFMMStatements_ReturnsDataWhenContractFoundAndVisible" classname="com.bbva.pfmh.lib.r010.impl.PFMHR010ImplTest" time="0.0"/>
</testsuite>